<?xml version="1.0" encoding="UTF-8"?>
<!-- Generated by org.testng.reporters.JUnitReportReporter -->
<testsuite hostname="LAPTOP-NTUBU1R7" failures="0" tests="1" name="testpackage.HardAssertDemo" time="6.812" errors="0" timestamp="2021-09-08T10:12:34 PDT" skipped="0">
  <testcase classname="testpackage.HardAssertDemo" name="testHardAssert" time="6.812"/>
  <system-out/>
</testsuite> <!-- testpackage.HardAssertDemo -->
