<?xml version="1.0" encoding="UTF-8"?>
<!-- Generated by org.testng.reporters.JUnitReportReporter -->
<testsuite hostname="LAPTOP-NTUBU1R7" failures="0" tests="1" name="testpackage.PageObgectTest1" time="11.949" errors="0" timestamp="2021-09-01T12:37:04 PDT" skipped="0">
  <testcase classname="testpackage.PageObgectTest1" name="testDrpDown" time="11.949"/>
  <system-out/>
</testsuite> <!-- testpackage.PageObgectTest1 -->
