<?xml version="1.0" encoding="UTF-8"?>
<!-- Generated by org.testng.reporters.JUnitReportReporter -->
<testsuite hostname="LAPTOP-NTUBU1R7" failures="0" tests="1" name="testpackage.ImplicitWaitDemo" time="3.629" errors="0" timestamp="2021-09-08T12:42:40 PDT" skipped="0">
  <testcase classname="testpackage.ImplicitWaitDemo" name="testImplicitlyWait" time="3.629"/>
  <system-out/>
</testsuite> <!-- testpackage.ImplicitWaitDemo -->
