<?xml version="1.0" encoding="UTF-8"?>
<!-- Generated by org.testng.reporters.JUnitReportReporter -->
<testsuite hostname="LAPTOP-NTUBU1R7" failures="0" tests="1" name="testpackage.AnotherTest" time="5.986" errors="0" timestamp="2021-09-06T15:44:02 PDT" skipped="0">
  <testcase classname="testpackage.AnotherTest" name="test1" time="5.986"/>
  <system-out/>
</testsuite> <!-- testpackage.AnotherTest -->
