<?xml version="1.0" encoding="UTF-8"?>
<!-- Generated by org.testng.reporters.JUnitReportReporter -->
<testsuite hostname="LAPTOP-NTUBU1R7" failures="0" tests="1" name="testpackage.CrossBrosserProp" time="14.819" errors="0" timestamp="2021-09-06T15:45:41 PDT" skipped="0">
  <testcase classname="testpackage.CrossBrosserProp" name="testDrpDown" time="14.819"/>
  <system-out/>
</testsuite> <!-- testpackage.CrossBrosserProp -->
