<?xml version="1.0" encoding="UTF-8"?>
<!-- Generated by org.testng.reporters.JUnitReportReporter -->
<testsuite hostname="LAPTOP-NTUBU1R7" failures="0" tests="3" name="test1.TestCreditCard" time="0.003" errors="0" timestamp="2021-08-21T23:35:43 PDT" skipped="0">
  <testcase classname="test1.TestCreditCard" name="testA3" time="0.001"/>
  <system-out/>
  <testcase classname="test1.TestCreditCard" name="testA1" time="0.001"/>
  <system-out/>
  <testcase classname="test1.TestCreditCard" name="testA2" time="0.001"/>
  <system-out/>
</testsuite> <!-- test1.TestCreditCard -->
